
vi., 11 de mar. de 2022 16:14:51: 
test.c: In function 'suma':
test.c:250:5: error: 'main' is normally a non-static function [-Werror=main]
  250 | int main( int argc, char *argv[] ) {
      |     ^~~~
test.c:272:1: error: expected declaration or statement at end of input
  272 | }
      | ^
At top level:
test.c:250:5: error: 'main' defined but not used [-Werror=unused-function]
  250 | int main( int argc, char *argv[] ) {
      |     ^~~~
test.c:8:8: error: '_strdup' defined but not used [-Werror=unused-function]
    8 | char * _strdup(const char * str) {
      |        ^~~~~~~
In file included from test.c:5:
exercises.c:20:5: error: 'sumaN' defined but not used [-Werror=unused-function]
   20 | int sumaN(int a[], int N) {
      |     ^~~~~
cc1.exe: all warnings being treated as errors
Compilation failed
a88055e
vi., 11 de mar. de 2022 16:18:21: 
test.c: In function 'suma':
test.c:250:5: error: 'main' is normally a non-static function [-Werror=main]
  250 | int main( int argc, char *argv[] ) {
      |     ^~~~
test.c:272:1: error: expected declaration or statement at end of input
  272 | }
      | ^
At top level:
test.c:250:5: error: 'main' defined but not used [-Werror=unused-function]
  250 | int main( int argc, char *argv[] ) {
      |     ^~~~
test.c:8:8: error: '_strdup' defined but not used [-Werror=unused-function]
    8 | char * _strdup(const char * str) {
      |        ^~~~~~~
In file included from test.c:5:
exercises.c:20:5: error: 'sumaN' defined but not used [-Werror=unused-function]
   20 | int sumaN(int a[], int N) {
      |     ^~~~~
cc1.exe: all warnings being treated as errors
Compilation failed
ccdf17e
vi., 11 de mar. de 2022 16:21:47: 
test.c: In function 'suma':
test.c:250:5: error: 'main' is normally a non-static function [-Werror=main]
  250 | int main( int argc, char *argv[] ) {
      |     ^~~~
test.c:272:1: error: expected declaration or statement at end of input
  272 | }
      | ^
At top level:
test.c:250:5: error: 'main' defined but not used [-Werror=unused-function]
  250 | int main( int argc, char *argv[] ) {
      |     ^~~~
test.c:8:8: error: '_strdup' defined but not used [-Werror=unused-function]
    8 | char * _strdup(const char * str) {
      |        ^~~~~~~
In file included from test.c:5:
exercises.c:20:5: error: 'sumaN' defined but not used [-Werror=unused-function]
   20 | int sumaN(int a[], int N) {
      |     ^~~~~
cc1.exe: all warnings being treated as errors
Compilation failed
452be0f
vi., 11 de mar. de 2022 16:24:01: 
test.c: In function 'suma':
test.c:250:5: error: 'main' is normally a non-static function [-Werror=main]
  250 | int main( int argc, char *argv[] ) {
      |     ^~~~
test.c:272:1: error: expected declaration or statement at end of input
  272 | }
      | ^
At top level:
test.c:250:5: error: 'main' defined but not used [-Werror=unused-function]
  250 | int main( int argc, char *argv[] ) {
      |     ^~~~
test.c:8:8: error: '_strdup' defined but not used [-Werror=unused-function]
    8 | char * _strdup(const char * str) {
      |        ^~~~~~~
In file included from test.c:5:
exercises.c:20:5: error: 'sumaN' defined but not used [-Werror=unused-function]
   20 | int sumaN(int a[], int N) {
      |     ^~~~~
cc1.exe: all warnings being treated as errors
Compilation failed
d7d953a
vi., 11 de mar. de 2022 16:25:14: 
test.c: In function 'suma':
test.c:250:5: error: 'main' is normally a non-static function [-Werror=main]
  250 | int main( int argc, char *argv[] ) {
      |     ^~~~
test.c:272:1: error: expected declaration or statement at end of input
  272 | }
      | ^
At top level:
test.c:250:5: error: 'main' defined but not used [-Werror=unused-function]
  250 | int main( int argc, char *argv[] ) {
      |     ^~~~
test.c:8:8: error: '_strdup' defined but not used [-Werror=unused-function]
    8 | char * _strdup(const char * str) {
      |        ^~~~~~~
In file included from test.c:5:
exercises.c:20:5: error: 'sumaN' defined but not used [-Werror=unused-function]
   20 | int sumaN(int a[], int N) {
      |     ^~~~~
cc1.exe: all warnings being treated as errors
Compilation failed
6669416
vi., 11 de mar. de 2022 16:26:49: 
test.c: In function 'suma':
test.c:250:5: error: 'main' is normally a non-static function [-Werror=main]
  250 | int main( int argc, char *argv[] ) {
      |     ^~~~
test.c:272:1: error: expected declaration or statement at end of input
  272 | }
      | ^
At top level:
test.c:250:5: error: 'main' defined but not used [-Werror=unused-function]
  250 | int main( int argc, char *argv[] ) {
      |     ^~~~
test.c:8:8: error: '_strdup' defined but not used [-Werror=unused-function]
    8 | char * _strdup(const char * str) {
      |        ^~~~~~~
In file included from test.c:5:
exercises.c:20:5: error: 'sumaN' defined but not used [-Werror=unused-function]
   20 | int sumaN(int a[], int N) {
      |     ^~~~~
cc1.exe: all warnings being treated as errors
Compilation failed
a0043b3
vi., 11 de mar. de 2022 16:29:18: 
test.c: In function 'suma':
test.c:250:5: error: 'main' is normally a non-static function [-Werror=main]
  250 | int main( int argc, char *argv[] ) {
      |     ^~~~
test.c:272:1: error: expected declaration or statement at end of input
  272 | }
      | ^
At top level:
test.c:250:5: error: 'main' defined but not used [-Werror=unused-function]
  250 | int main( int argc, char *argv[] ) {
      |     ^~~~
test.c:8:8: error: '_strdup' defined but not used [-Werror=unused-function]
    8 | char * _strdup(const char * str) {
      |        ^~~~~~~
In file included from test.c:5:
exercises.c:20:5: error: 'sumaN' defined but not used [-Werror=unused-function]
   20 | int sumaN(int a[], int N) {
      |     ^~~~~
cc1.exe: all warnings being treated as errors
Compilation failed
44149a4
vi., 11 de mar. de 2022 16:33:22: 
test.c: In function 'suma':
test.c:244:5: error: 'main' is normally a non-static function [-Werror=main]
  244 | int main( int argc, char *argv[] ) {
      |     ^~~~
test.c:266:1: error: expected declaration or statement at end of input
  266 | }
      | ^
At top level:
test.c:244:5: error: 'main' defined but not used [-Werror=unused-function]
  244 | int main( int argc, char *argv[] ) {
      |     ^~~~
In file included from test.c:5:
exercises.c:20:5: error: 'sumaN' defined but not used [-Werror=unused-function]
   20 | int sumaN(int a[], int N) {
      |     ^~~~~
cc1.exe: all warnings being treated as errors
Compilation failed
9f4b218
vi., 11 de mar. de 2022 16:34:22: 
test.c: In function 'suma':
test.c:244:5: error: 'main' is normally a non-static function [-Werror=main]
  244 | int main( int argc, char *argv[] ) {
      |     ^~~~
test.c:266:1: error: expected declaration or statement at end of input
  266 | }
      | ^
At top level:
test.c:244:5: error: 'main' defined but not used [-Werror=unused-function]
  244 | int main( int argc, char *argv[] ) {
      |     ^~~~
In file included from test.c:5:
exercises.c:20:5: error: 'sumaN' defined but not used [-Werror=unused-function]
   20 | int sumaN(int a[], int N) {
      |     ^~~~~
cc1.exe: all warnings being treated as errors
Compilation failed
c509064
vi., 11 de mar. de 2022 16:36:38: 
test.c: In function 'suma':
test.c:244:5: error: 'main' is normally a non-static function [-Werror=main]
  244 | int main( int argc, char *argv[] ) {
      |     ^~~~
test.c:266:1: error: expected declaration or statement at end of input
  266 | }
      | ^
At top level:
test.c:244:5: error: 'main' defined but not used [-Werror=unused-function]
  244 | int main( int argc, char *argv[] ) {
      |     ^~~~
In file included from test.c:5:
exercises.c:20:5: error: 'sumaN' defined but not used [-Werror=unused-function]
   20 | int sumaN(int a[], int N) {
      |     ^~~~~
cc1.exe: all warnings being treated as errors
Compilation failed
549e9bd
vi., 11 de mar. de 2022 16:37:51: 
test.c: In function 'suma':
test.c:244:5: error: 'main' is normally a non-static function [-Werror=main]
  244 | int main( int argc, char *argv[] ) {
      |     ^~~~
test.c:266:1: error: expected declaration or statement at end of input
  266 | }
      | ^
At top level:
test.c:244:5: error: 'main' defined but not used [-Werror=unused-function]
  244 | int main( int argc, char *argv[] ) {
      |     ^~~~
In file included from test.c:5:
exercises.c:20:5: error: 'sumaN' defined but not used [-Werror=unused-function]
   20 | int sumaN(int a[], int N) {
      |     ^~~~~
cc1.exe: all warnings being treated as errors
Compilation failed
8d66039
vi., 11 de mar. de 2022 16:39:13: 
test.c: In function 'suma':
test.c:244:5: error: 'main' is normally a non-static function [-Werror=main]
  244 | int main( int argc, char *argv[] ) {
      |     ^~~~
test.c:266:1: error: expected declaration or statement at end of input
  266 | }
      | ^
At top level:
test.c:244:5: error: 'main' defined but not used [-Werror=unused-function]
  244 | int main( int argc, char *argv[] ) {
      |     ^~~~
In file included from test.c:5:
exercises.c:20:5: error: 'sumaN' defined but not used [-Werror=unused-function]
   20 | int sumaN(int a[], int N) {
      |     ^~~~~
cc1.exe: all warnings being treated as errors
Compilation failed
b3f5b0b
vi., 11 de mar. de 2022 16:42:46: 
test.c: In function 'suma':
test.c:244:5: error: 'main' is normally a non-static function [-Werror=main]
  244 | int main( int argc, char *argv[] ) {
      |     ^~~~
test.c:266:1: error: expected declaration or statement at end of input
  266 | }
      | ^
At top level:
test.c:244:5: error: 'main' defined but not used [-Werror=unused-function]
  244 | int main( int argc, char *argv[] ) {
      |     ^~~~
In file included from test.c:5:
exercises.c:20:5: error: 'sumaN' defined but not used [-Werror=unused-function]
   20 | int sumaN(int a[], int N) {
      |     ^~~~~
cc1.exe: all warnings being treated as errors
Compilation failed
ff0ae05
vi., 11 de mar. de 2022 16:46:25: 
test.c: In function 'suma':
test.c:244:5: error: 'main' is normally a non-static function [-Werror=main]
  244 | int main( int argc, char *argv[] ) {
      |     ^~~~
test.c:266:1: error: expected declaration or statement at end of input
  266 | }
      | ^
At top level:
test.c:244:5: error: 'main' defined but not used [-Werror=unused-function]
  244 | int main( int argc, char *argv[] ) {
      |     ^~~~
In file included from test.c:5:
exercises.c:20:5: error: 'sumaN' defined but not used [-Werror=unused-function]
   20 | int sumaN(int a[], int N) {
      |     ^~~~~
cc1.exe: all warnings being treated as errors
Compilation failed
6afc583
vi., 11 de mar. de 2022 16:47:48: 
test.c: In function 'suma':
test.c:244:5: error: 'main' is normally a non-static function [-Werror=main]
  244 | int main( int argc, char *argv[] ) {
      |     ^~~~
test.c:266:1: error: expected declaration or statement at end of input
  266 | }
      | ^
At top level:
test.c:244:5: error: 'main' defined but not used [-Werror=unused-function]
  244 | int main( int argc, char *argv[] ) {
      |     ^~~~
In file included from test.c:5:
exercises.c:20:5: error: 'sumaN' defined but not used [-Werror=unused-function]
   20 | int sumaN(int a[], int N) {
      |     ^~~~~
cc1.exe: all warnings being treated as errors
Compilation failed
e0c474e
vi., 11 de mar. de 2022 16:49:31: 
test.c: In function 'suma':
test.c:244:5: error: 'main' is normally a non-static function [-Werror=main]
  244 | int main( int argc, char *argv[] ) {
      |     ^~~~
test.c:266:1: error: expected declaration or statement at end of input
  266 | }
      | ^
At top level:
test.c:244:5: error: 'main' defined but not used [-Werror=unused-function]
  244 | int main( int argc, char *argv[] ) {
      |     ^~~~
In file included from test.c:5:
exercises.c:20:5: error: 'sumaN' defined but not used [-Werror=unused-function]
   20 | int sumaN(int a[], int N) {
      |     ^~~~~
cc1.exe: all warnings being treated as errors
Compilation failed
f824448
vi., 11 de mar. de 2022 16:51:48: 
test.c: In function 'suma':
test.c:244:5: error: 'main' is normally a non-static function [-Werror=main]
  244 | int main( int argc, char *argv[] ) {
      |     ^~~~
test.c:266:1: error: expected declaration or statement at end of input
  266 | }
      | ^
At top level:
test.c:244:5: error: 'main' defined but not used [-Werror=unused-function]
  244 | int main( int argc, char *argv[] ) {
      |     ^~~~
In file included from test.c:5:
exercises.c:20:5: error: 'sumaN' defined but not used [-Werror=unused-function]
   20 | int sumaN(int a[], int N) {
      |     ^~~~~
cc1.exe: all warnings being treated as errors
Compilation failed
f8e1204
vi., 11 de mar. de 2022 16:57:47: 
test.c: In function 'suma':
test.c:244:5: error: 'main' is normally a non-static function [-Werror=main]
  244 | int main( int argc, char *argv[] ) {
      |     ^~~~
test.c:266:1: error: expected declaration or statement at end of input
  266 | }
      | ^
At top level:
test.c:244:5: error: 'main' defined but not used [-Werror=unused-function]
  244 | int main( int argc, char *argv[] ) {
      |     ^~~~
In file included from test.c:5:
exercises.c:20:5: error: 'sumaN' defined but not used [-Werror=unused-function]
   20 | int sumaN(int a[], int N) {
      |     ^~~~~
cc1.exe: all warnings being treated as errors
Compilation failed
ccf646e
vi., 11 de mar. de 2022 16:57:55: 
test.c: In function 'suma':
test.c:244:5: error: 'main' is normally a non-static function [-Werror=main]
  244 | int main( int argc, char *argv[] ) {
      |     ^~~~
test.c:266:1: error: expected declaration or statement at end of input
  266 | }
      | ^
At top level:
test.c:244:5: error: 'main' defined but not used [-Werror=unused-function]
  244 | int main( int argc, char *argv[] ) {
      |     ^~~~
In file included from test.c:5:
exercises.c:20:5: error: 'sumaN' defined but not used [-Werror=unused-function]
   20 | int sumaN(int a[], int N) {
      |     ^~~~~
cc1.exe: all warnings being treated as errors
Compilation failed
74cf928
vi., 11 de mar. de 2022 17:00:12: 
test.c: In function 'suma':
test.c:244:5: error: 'main' is normally a non-static function [-Werror=main]
  244 | int main( int argc, char *argv[] ) {
      |     ^~~~
test.c:266:1: error: expected declaration or statement at end of input
  266 | }
      | ^
At top level:
test.c:244:5: error: 'main' defined but not used [-Werror=unused-function]
  244 | int main( int argc, char *argv[] ) {
      |     ^~~~
In file included from test.c:5:
exercises.c:20:5: error: 'sumaN' defined but not used [-Werror=unused-function]
   20 | int sumaN(int a[], int N) {
      |     ^~~~~
cc1.exe: all warnings being treated as errors
Compilation failed
6a85961
vi., 11 de mar. de 2022 17:01:30: 
test.c: In function 'suma':
test.c:244:5: error: 'main' is normally a non-static function [-Werror=main]
  244 | int main( int argc, char *argv[] ) {
      |     ^~~~
test.c:266:1: error: expected declaration or statement at end of input
  266 | }
      | ^
At top level:
test.c:244:5: error: 'main' defined but not used [-Werror=unused-function]
  244 | int main( int argc, char *argv[] ) {
      |     ^~~~
In file included from test.c:5:
exercises.c:20:5: error: 'sumaN' defined but not used [-Werror=unused-function]
   20 | int sumaN(int a[], int N) {
      |     ^~~~~
cc1.exe: all warnings being treated as errors
Compilation failed
6e90ae7
vi., 11 de mar. de 2022 17:01:43: 
test.c: In function 'suma':
test.c:244:5: error: 'main' is normally a non-static function [-Werror=main]
  244 | int main( int argc, char *argv[] ) {
      |     ^~~~
test.c:266:1: error: expected declaration or statement at end of input
  266 | }
      | ^
At top level:
test.c:244:5: error: 'main' defined but not used [-Werror=unused-function]
  244 | int main( int argc, char *argv[] ) {
      |     ^~~~
In file included from test.c:5:
exercises.c:20:5: error: 'sumaN' defined but not used [-Werror=unused-function]
   20 | int sumaN(int a[], int N) {
      |     ^~~~~
cc1.exe: all warnings being treated as errors
Compilation failed
dba843b
vi., 11 de mar. de 2022 17:01:50: 
 exercises.c | 1 +
 1 file changed, 1 insertion(+)
 tests:  0|7
total_score: 0/70
20a533d
vi., 11 de mar. de 2022 17:51:42: 
 exercises.c | 2 +-
 1 file changed, 1 insertion(+), 1 deletion(-)
 tests:  1|6
total_score: 10/70
69cb814
vi., 11 de mar. de 2022 17:52:09: 
 exercises.c | 2 +-
 1 file changed, 1 insertion(+), 1 deletion(-)
In file included from test.c:5:
exercises.c: In function 'suma':
exercises.c:15:6: error: assignment to 'int *' from 'int' makes pointer from integer without a cast [-Werror=int-conversion]
   15 |    c = a + b;
      |      ^
cc1.exe: all warnings being treated as errors
Compilation failed
7d76ed0
vi., 11 de mar. de 2022 17:52:18: 
 exercises.c | 2 +-
 1 file changed, 1 insertion(+), 1 deletion(-)
 tests:  1|6
total_score: 10/70
3c01787
sá., 12 de mar. de 2022 12:53:05: 
 exercises.c | 7 ++++++-
 1 file changed, 6 insertions(+), 1 deletion(-)
 tests:  2|5
total_score: 20/70
43aaa11
sá., 12 de mar. de 2022 19:23:49: 
 exercises.c | 7 ++++++-
 1 file changed, 6 insertions(+), 1 deletion(-)
In file included from test.c:5:
exercises.c: In function 'crearPersona':
exercises.c:65:14: error: assignment to 'Persona *' from incompatible pointer type 'char *' [-Werror=incompatible-pointer-types]
   65 |    individuo = ptr->nombre;
      |              ^
exercises.c:66:14: error: assignment to 'Persona *' from incompatible pointer type 'char *' [-Werror=incompatible-pointer-types]
   66 |    individuo = ptr->rut;
      |              ^
exercises.c:67:14: error: assignment to 'Persona *' from 'int' makes pointer from integer without a cast [-Werror=int-conversion]
   67 |    individuo = ptr->edad;
      |              ^
cc1.exe: all warnings being treated as errors
Compilation failed
ff9a070
sá., 12 de mar. de 2022 19:26:24: 
 exercises.c | 7 ++-----
 1 file changed, 2 insertions(+), 5 deletions(-)
In file included from test.c:5:
exercises.c: In function 'crearPersona':
exercises.c:64:8: error: assignment to 'Persona *' from incompatible pointer type 'char *' [-Werror=incompatible-pointer-types]
   64 |    ptr = ptr->nombre;
      |        ^
cc1.exe: all warnings being treated as errors
Compilation failed
745f125
sá., 12 de mar. de 2022 19:29:25: 
 exercises.c | 9 ++++++---
 1 file changed, 6 insertions(+), 3 deletions(-)
In file included from test.c:5:
exercises.c: In function 'crearPersona':
exercises.c:64:11: error: 'persona' is a pointer; did you mean to use '->'?
   64 |    persona.nombre = nombre;
      |           ^
      |           ->
exercises.c:65:11: error: 'persona' is a pointer; did you mean to use '->'?
   65 |    persona.rut = rut;
      |           ^
      |           ->
exercises.c:66:11: error: 'persona' is a pointer; did you mean to use '->'?
   66 |    persona.edad = edad;
      |           ^
      |           ->
Compilation failed
af31393
sá., 12 de mar. de 2022 19:29:49: 
 exercises.c | 7 +++----
 1 file changed, 3 insertions(+), 4 deletions(-)
In file included from test.c:5:
exercises.c: In function 'crearPersona':
exercises.c:64:20: error: assignment to expression with array type
   64 |    persona->nombre = nombre;
      |                    ^
exercises.c:65:17: error: assignment to expression with array type
   65 |    persona->rut = rut;
      |                 ^
Compilation failed
3075edd
sá., 12 de mar. de 2022 19:30:10: 
 exercises.c | 4 ++--
 1 file changed, 2 insertions(+), 2 deletions(-)
In file included from test.c:5:
exercises.c: In function 'crearPersona':
exercises.c:64:29: error: expected expression before ']' token
   64 |    persona->nombre = nombre[];
      |                             ^
exercises.c:65:23: error: expected expression before ']' token
   65 |    persona->rut = rut[];
      |                       ^
Compilation failed
727fc0f
sá., 12 de mar. de 2022 19:30:26: 
 exercises.c | 4 ++--
 1 file changed, 2 insertions(+), 2 deletions(-)
In file included from test.c:5:
exercises.c: In function 'crearPersona':
exercises.c:64:20: error: assignment to expression with array type
   64 |    persona->nombre = nombre;
      |                    ^
exercises.c:65:17: error: assignment to expression with array type
   65 |    persona->rut = rut;
      |                 ^
Compilation failed
1b8b998
sá., 12 de mar. de 2022 19:32:21: 
 exercises.c | 4 ++--
 1 file changed, 2 insertions(+), 2 deletions(-)
In file included from test.c:5:
exercises.c: In function 'crearPersona':
exercises.c:64:20: error: assignment to expression with array type
   64 |    persona->nombre = *nombre;
      |                    ^
exercises.c:65:17: error: assignment to expression with array type
   65 |    persona->rut = *rut;
      |                 ^
Compilation failed
3ec147f
sá., 12 de mar. de 2022 19:32:48: 
 exercises.c | 4 ++--
 1 file changed, 2 insertions(+), 2 deletions(-)
In file included from test.c:5:
exercises.c: In function 'crearPersona':
exercises.c:64:29: error: expected expression before ']' token
   64 |    persona->nombre = nombre[];
      |                             ^
exercises.c:65:23: error: expected expression before ']' token
   65 |    persona->rut = rut[];
      |                       ^
Compilation failed
6f63ff4
sá., 12 de mar. de 2022 19:33:19: 
 exercises.c | 9 ++++-----
 1 file changed, 4 insertions(+), 5 deletions(-)
In file included from test.c:5:
exercises.c: In function 'crearPersona':
exercises.c:64:16: error: assignment to expression with array type
   64 |    ptr->nombre = nombre;
      |                ^
Compilation failed
650f389
sá., 12 de mar. de 2022 19:33:57: 
 exercises.c | 2 +-
 1 file changed, 1 insertion(+), 1 deletion(-)
In file included from test.c:5:
exercises.c: In function 'crearPersona':
exercises.c:64:16: error: expected expression before ']' token
   64 |    ptr->nombre[] = nombre;
      |                ^
Compilation failed
3ade37b
sá., 12 de mar. de 2022 19:34:08: 
 exercises.c | 2 +-
 1 file changed, 1 insertion(+), 1 deletion(-)
In file included from test.c:5:
exercises.c: In function 'crearPersona':
exercises.c:64:16: error: assignment to expression with array type
   64 |    ptr->nombre = nombre;
      |                ^
Compilation failed
7279903
sá., 12 de mar. de 2022 19:34:47: 
 exercises.c | 2 +-
 1 file changed, 1 insertion(+), 1 deletion(-)
 tests:  0|0
b71801d
sá., 12 de mar. de 2022 19:35:31: 
 exercises.c | 2 +-
 1 file changed, 1 insertion(+), 1 deletion(-)
 tests:  0|0
bfc2c03
sá., 12 de mar. de 2022 19:35:47: 
 exercises.c | 3 ---
 1 file changed, 3 deletions(-)
 tests:  2|5
total_score: 20/70
bb2fb96
sá., 12 de mar. de 2022 19:40:03: 
 exercises.c | 2 ++
 1 file changed, 2 insertions(+)
In file included from test.c:5:
exercises.c: In function 'crearPersona':
exercises.c:64:16: error: assignment to expression with array type
   64 |    ind->nombre = nombre;
      |                ^
Compilation failed
3b95a53
sá., 12 de mar. de 2022 19:45:30: 
 exercises.c | 4 ++--
 1 file changed, 2 insertions(+), 2 deletions(-)
 tests:  0|0
2828fec
